{"contracts/token/ERC865Token.sol":{"l":{"39":5,"41":5,"42":5,"43":5,"44":5,"45":5,"46":4,"47":4,"48":2,"50":2,"51":2,"73":1,"75":1,"76":1,"77":1,"78":1,"79":1,"80":1,"81":1,"82":1,"84":1,"85":1,"107":1,"109":1,"110":1,"111":1,"112":1,"113":1,"114":1,"115":1,"116":1,"118":1,"119":1,"141":2,"143":2,"144":2,"145":2,"146":2,"147":2,"149":2,"150":2,"151":1,"153":1,"154":1,"178":1,"180":1,"182":1,"183":1,"184":1,"185":1,"186":1,"187":1,"188":1,"189":1,"191":1,"192":1,"217":5,"241":1,"265":1,"289":2,"315":1},"path":"/Users/jretina/Programming/PROPSProject/props-token-distribution/contracts/token/ERC865Token.sol","s":{"1":5,"2":5,"3":5,"4":5,"5":5,"6":5,"7":4,"8":4,"9":2,"10":2,"11":2,"12":1,"13":1,"14":1,"15":1,"16":1,"17":1,"18":1,"19":1,"20":1,"21":1,"22":1,"23":1,"24":1,"25":1,"26":1,"27":1,"28":1,"29":1,"30":1,"31":1,"32":1,"33":1,"34":2,"35":2,"36":2,"37":2,"38":2,"39":2,"40":2,"41":2,"42":1,"43":1,"44":1,"45":1,"46":1,"47":1,"48":1,"49":1,"50":1,"51":1,"52":1,"53":1,"54":1,"55":1,"56":1,"57":5,"58":1,"59":1,"60":2,"61":1},"b":{"1":[5,0],"2":[5,0],"3":[4,1],"4":[1,0],"5":[1,0],"6":[1,0],"7":[1,0],"8":[1,0],"9":[1,0],"10":[2,0],"11":[2,0],"12":[2,0],"13":[1,0],"14":[1,0],"15":[1,0]},"f":{"1":5,"2":1,"3":1,"4":2,"5":1,"6":5,"7":1,"8":1,"9":2,"10":1},"fnMap":{"1":{"name":"transferPreSigned","line":29,"loc":{"start":{"line":29,"column":4},"end":{"line":38,"column":5}}},"2":{"name":"approvePreSigned","line":63,"loc":{"start":{"line":63,"column":4},"end":{"line":72,"column":5}}},"3":{"name":"increaseAllowancePreSigned","line":97,"loc":{"start":{"line":97,"column":4},"end":{"line":106,"column":5}}},"4":{"name":"decreaseAllowancePreSigned","line":131,"loc":{"start":{"line":131,"column":4},"end":{"line":140,"column":5}}},"5":{"name":"transferFromPreSigned","line":167,"loc":{"start":{"line":167,"column":4},"end":{"line":177,"column":5}}},"6":{"name":"getTransferPreSignedHash","line":205,"loc":{"start":{"line":205,"column":4},"end":{"line":215,"column":5}}},"7":{"name":"getApprovePreSignedHash","line":229,"loc":{"start":{"line":229,"column":4},"end":{"line":239,"column":5}}},"8":{"name":"getIncreaseAllowancePreSignedHash","line":253,"loc":{"start":{"line":253,"column":4},"end":{"line":263,"column":5}}},"9":{"name":"getDecreaseAllowancePreSignedHash","line":277,"loc":{"start":{"line":277,"column":4},"end":{"line":287,"column":5}}},"10":{"name":"getTransferFromPreSignedHash","line":302,"loc":{"start":{"line":302,"column":4},"end":{"line":313,"column":5}}}},"statementMap":{"1":{"start":{"line":39,"column":8},"end":{"line":39,"column":56}},"2":{"start":{"line":41,"column":8},"end":{"line":41,"column":96}},"3":{"start":{"line":42,"column":8},"end":{"line":42,"column":61}},"4":{"start":{"line":43,"column":8},"end":{"line":43,"column":68}},"5":{"start":{"line":44,"column":8},"end":{"line":44,"column":73}},"6":{"start":{"line":45,"column":8},"end":{"line":45,"column":80}},"7":{"start":{"line":46,"column":8},"end":{"line":46,"column":33}},"8":{"start":{"line":47,"column":8},"end":{"line":47,"column":35}},"9":{"start":{"line":48,"column":8},"end":{"line":48,"column":40}},"10":{"start":{"line":50,"column":8},"end":{"line":50,"column":67}},"11":{"start":{"line":51,"column":8},"end":{"line":51,"column":19}},"12":{"start":{"line":73,"column":8},"end":{"line":73,"column":65}},"13":{"start":{"line":75,"column":8},"end":{"line":75,"column":100}},"14":{"start":{"line":76,"column":8},"end":{"line":76,"column":61}},"15":{"start":{"line":77,"column":8},"end":{"line":77,"column":67}},"16":{"start":{"line":78,"column":8},"end":{"line":78,"column":73}},"17":{"start":{"line":79,"column":8},"end":{"line":79,"column":80}},"18":{"start":{"line":80,"column":8},"end":{"line":80,"column":33}},"19":{"start":{"line":81,"column":8},"end":{"line":81,"column":39}},"20":{"start":{"line":82,"column":8},"end":{"line":82,"column":40}},"21":{"start":{"line":84,"column":8},"end":{"line":84,"column":72}},"22":{"start":{"line":85,"column":8},"end":{"line":85,"column":19}},"23":{"start":{"line":107,"column":8},"end":{"line":107,"column":65}},"24":{"start":{"line":109,"column":8},"end":{"line":109,"column":115}},"25":{"start":{"line":110,"column":8},"end":{"line":110,"column":61}},"26":{"start":{"line":111,"column":8},"end":{"line":111,"column":67}},"27":{"start":{"line":112,"column":8},"end":{"line":112,"column":73}},"28":{"start":{"line":113,"column":8},"end":{"line":113,"column":80}},"29":{"start":{"line":114,"column":8},"end":{"line":114,"column":33}},"30":{"start":{"line":115,"column":8},"end":{"line":115,"column":75}},"31":{"start":{"line":116,"column":8},"end":{"line":116,"column":40}},"32":{"start":{"line":118,"column":8},"end":{"line":118,"column":91}},"33":{"start":{"line":119,"column":8},"end":{"line":119,"column":19}},"34":{"start":{"line":141,"column":8},"end":{"line":141,"column":65}},"35":{"start":{"line":143,"column":8},"end":{"line":143,"column":120}},"36":{"start":{"line":144,"column":8},"end":{"line":144,"column":61}},"37":{"start":{"line":145,"column":8},"end":{"line":145,"column":67}},"38":{"start":{"line":146,"column":8},"end":{"line":146,"column":73}},"39":{"start":{"line":147,"column":8},"end":{"line":147,"column":80}},"40":{"start":{"line":149,"column":8},"end":{"line":149,"column":33}},"41":{"start":{"line":150,"column":8},"end":{"line":150,"column":79}},"42":{"start":{"line":151,"column":8},"end":{"line":151,"column":40}},"43":{"start":{"line":153,"column":8},"end":{"line":153,"column":91}},"44":{"start":{"line":154,"column":8},"end":{"line":154,"column":19}},"45":{"start":{"line":178,"column":8},"end":{"line":178,"column":55}},"46":{"start":{"line":180,"column":8},"end":{"line":180,"column":107}},"47":{"start":{"line":182,"column":8},"end":{"line":182,"column":64}},"48":{"start":{"line":183,"column":8},"end":{"line":183,"column":73}},"49":{"start":{"line":184,"column":8},"end":{"line":184,"column":76}},"50":{"start":{"line":185,"column":8},"end":{"line":185,"column":80}},"51":{"start":{"line":186,"column":8},"end":{"line":186,"column":33}},"52":{"start":{"line":187,"column":8},"end":{"line":187,"column":36}},"53":{"start":{"line":188,"column":8},"end":{"line":188,"column":70}},"54":{"start":{"line":189,"column":8},"end":{"line":189,"column":43}},"55":{"start":{"line":191,"column":8},"end":{"line":191,"column":68}},"56":{"start":{"line":192,"column":8},"end":{"line":192,"column":19}},"57":{"start":{"line":217,"column":8},"end":{"line":217,"column":97}},"58":{"start":{"line":241,"column":8},"end":{"line":241,"column":102}},"59":{"start":{"line":265,"column":8},"end":{"line":265,"column":107}},"60":{"start":{"line":289,"column":8},"end":{"line":289,"column":112}},"61":{"start":{"line":315,"column":8},"end":{"line":315,"column":104}}},"branchMap":{"1":{"line":39,"type":"if","locations":[{"start":{"line":39,"column":8},"end":{"line":39,"column":8}},{"start":{"line":39,"column":8},"end":{"line":39,"column":8}}]},"2":{"line":43,"type":"if","locations":[{"start":{"line":43,"column":8},"end":{"line":43,"column":8}},{"start":{"line":43,"column":8},"end":{"line":43,"column":8}}]},"3":{"line":45,"type":"if","locations":[{"start":{"line":45,"column":8},"end":{"line":45,"column":8}},{"start":{"line":45,"column":8},"end":{"line":45,"column":8}}]},"4":{"line":73,"type":"if","locations":[{"start":{"line":73,"column":8},"end":{"line":73,"column":8}},{"start":{"line":73,"column":8},"end":{"line":73,"column":8}}]},"5":{"line":77,"type":"if","locations":[{"start":{"line":77,"column":8},"end":{"line":77,"column":8}},{"start":{"line":77,"column":8},"end":{"line":77,"column":8}}]},"6":{"line":79,"type":"if","locations":[{"start":{"line":79,"column":8},"end":{"line":79,"column":8}},{"start":{"line":79,"column":8},"end":{"line":79,"column":8}}]},"7":{"line":107,"type":"if","locations":[{"start":{"line":107,"column":8},"end":{"line":107,"column":8}},{"start":{"line":107,"column":8},"end":{"line":107,"column":8}}]},"8":{"line":111,"type":"if","locations":[{"start":{"line":111,"column":8},"end":{"line":111,"column":8}},{"start":{"line":111,"column":8},"end":{"line":111,"column":8}}]},"9":{"line":113,"type":"if","locations":[{"start":{"line":113,"column":8},"end":{"line":113,"column":8}},{"start":{"line":113,"column":8},"end":{"line":113,"column":8}}]},"10":{"line":141,"type":"if","locations":[{"start":{"line":141,"column":8},"end":{"line":141,"column":8}},{"start":{"line":141,"column":8},"end":{"line":141,"column":8}}]},"11":{"line":145,"type":"if","locations":[{"start":{"line":145,"column":8},"end":{"line":145,"column":8}},{"start":{"line":145,"column":8},"end":{"line":145,"column":8}}]},"12":{"line":147,"type":"if","locations":[{"start":{"line":147,"column":8},"end":{"line":147,"column":8}},{"start":{"line":147,"column":8},"end":{"line":147,"column":8}}]},"13":{"line":178,"type":"if","locations":[{"start":{"line":178,"column":8},"end":{"line":178,"column":8}},{"start":{"line":178,"column":8},"end":{"line":178,"column":8}}]},"14":{"line":183,"type":"if","locations":[{"start":{"line":183,"column":8},"end":{"line":183,"column":8}},{"start":{"line":183,"column":8},"end":{"line":183,"column":8}}]},"15":{"line":185,"type":"if","locations":[{"start":{"line":185,"column":8},"end":{"line":185,"column":8}},{"start":{"line":185,"column":8},"end":{"line":185,"column":8}}]}}},"contracts/token/IERC865.sol":{"l":{},"path":"/Users/jretina/Programming/PROPSProject/props-token-distribution/contracts/token/IERC865.sol","s":{},"b":{},"f":{},"fnMap":{},"statementMap":{},"branchMap":{}},"contracts/token/PropsRewards.sol":{"l":{"77":15,"81":12,"97":4,"98":4,"111":5,"112":4,"113":4,"126":4,"127":3,"128":3,"141":8,"161":22,"162":19,"168":19,"169":1,"173":22,"181":14,"182":4,"186":14,"192":14,"193":3,"196":14,"197":14,"211":1,"212":1,"216":1,"232":8,"250":2,"251":2,"257":2,"276":10,"277":10,"278":10,"296":4,"297":4,"299":4,"301":4,"303":4,"305":4,"308":4,"309":4,"310":4,"323":4,"324":4,"325":11,"327":4,"328":4,"353":4,"354":12,"356":4},"path":"/Users/jretina/Programming/PROPSProject/props-token-distribution/contracts/token/PropsRewards.sol","s":{"1":15,"2":4,"3":4,"4":4,"5":4,"6":3,"7":3,"8":8,"9":22,"10":19,"11":19,"12":1,"13":22,"14":14,"15":4,"16":14,"17":14,"18":3,"19":14,"20":14,"21":1,"22":1,"23":1,"24":8,"25":2,"26":2,"27":10,"28":10,"29":4,"30":4,"31":4,"32":4,"33":4,"34":4,"35":4,"36":11,"37":4,"38":4,"39":12,"40":4},"b":{"1":[12,3],"2":[19,3],"3":[1,18],"4":[4,10],"5":[3,11],"6":[4,0]},"f":{"1":15,"2":4,"3":5,"4":4,"5":8,"6":22,"7":1,"8":8,"9":2,"10":10,"11":4,"12":4,"13":4},"fnMap":{"1":{"name":"onlyController","line":76,"loc":{"start":{"line":76,"column":4},"end":{"line":76,"column":27}}},"2":{"name":"initializePostRewardsUpgrade1","line":90,"loc":{"start":{"line":90,"column":4},"end":{"line":96,"column":5}}},"3":{"name":"setValidators","line":106,"loc":{"start":{"line":106,"column":4},"end":{"line":110,"column":5}}},"4":{"name":"setApplications","line":121,"loc":{"start":{"line":121,"column":4},"end":{"line":125,"column":5}}},"5":{"name":"getEntities","line":136,"loc":{"start":{"line":136,"column":4},"end":{"line":140,"column":5}}},"6":{"name":"submitDailyRewards","line":151,"loc":{"start":{"line":151,"column":4},"end":{"line":159,"column":5}}},"7":{"name":"updateController","line":204,"loc":{"start":{"line":204,"column":4},"end":{"line":210,"column":5}}},"8":{"name":"getParameter","line":224,"loc":{"start":{"line":224,"column":4},"end":{"line":231,"column":5}}},"9":{"name":"updateParameter","line":241,"loc":{"start":{"line":241,"column":4},"end":{"line":249,"column":5}}},"10":{"name":"updateEntity","line":267,"loc":{"start":{"line":267,"column":4},"end":{"line":275,"column":5}}},"11":{"name":"_initializePostRewardsUpgrade1","line":288,"loc":{"start":{"line":288,"column":4},"end":{"line":295,"column":5}}},"12":{"name":"_mintDailyRewardsForValidators","line":320,"loc":{"start":{"line":320,"column":4},"end":{"line":322,"column":5}}},"13":{"name":"_mintDailyRewardsForApps","line":344,"loc":{"start":{"line":344,"column":4},"end":{"line":352,"column":5}}}},"statementMap":{"1":{"start":{"line":77,"column":8},"end":{"line":77,"column":1933}},"2":{"start":{"line":97,"column":8},"end":{"line":97,"column":28}},"3":{"start":{"line":98,"column":8},"end":{"line":98,"column":108}},"4":{"start":{"line":112,"column":8},"end":{"line":112,"column":60}},"5":{"start":{"line":113,"column":8},"end":{"line":113,"column":19}},"6":{"start":{"line":127,"column":8},"end":{"line":127,"column":64}},"7":{"start":{"line":128,"column":8},"end":{"line":128,"column":19}},"8":{"start":{"line":141,"column":8},"end":{"line":141,"column":84}},"9":{"start":{"line":161,"column":8},"end":{"line":161,"column":4993}},"10":{"start":{"line":162,"column":12},"end":{"line":162,"column":5094}},"11":{"start":{"line":168,"column":12},"end":{"line":168,"column":5392}},"12":{"start":{"line":169,"column":16},"end":{"line":169,"column":178}},"13":{"start":{"line":173,"column":8},"end":{"line":173,"column":5724}},"14":{"start":{"line":181,"column":8},"end":{"line":181,"column":5966}},"15":{"start":{"line":182,"column":12},"end":{"line":182,"column":102}},"16":{"start":{"line":186,"column":8},"end":{"line":186,"column":6187}},"17":{"start":{"line":192,"column":8},"end":{"line":192,"column":6378}},"18":{"start":{"line":193,"column":12},"end":{"line":193,"column":92}},"19":{"start":{"line":196,"column":8},"end":{"line":196,"column":73}},"20":{"start":{"line":197,"column":8},"end":{"line":197,"column":19}},"21":{"start":{"line":211,"column":8},"end":{"line":211,"column":31}},"22":{"start":{"line":212,"column":8},"end":{"line":212,"column":6943}},"23":{"start":{"line":216,"column":8},"end":{"line":216,"column":19}},"24":{"start":{"line":232,"column":8},"end":{"line":232,"column":84}},"25":{"start":{"line":251,"column":8},"end":{"line":251,"column":8100}},"26":{"start":{"line":257,"column":8},"end":{"line":257,"column":19}},"27":{"start":{"line":277,"column":8},"end":{"line":277,"column":94}},"28":{"start":{"line":278,"column":8},"end":{"line":278,"column":19}},"29":{"start":{"line":296,"column":8},"end":{"line":296,"column":85}},"30":{"start":{"line":297,"column":8},"end":{"line":297,"column":31}},"31":{"start":{"line":308,"column":8},"end":{"line":308,"column":92}},"32":{"start":{"line":309,"column":8},"end":{"line":309,"column":92}},"33":{"start":{"line":310,"column":8},"end":{"line":310,"column":68}},"34":{"start":{"line":323,"column":8},"end":{"line":323,"column":108}},"35":{"start":{"line":324,"column":8},"end":{"line":324,"column":11490}},"36":{"start":{"line":325,"column":12},"end":{"line":325,"column":139}},"37":{"start":{"line":328,"column":8},"end":{"line":328,"column":11759}},"38":{"start":{"line":353,"column":8},"end":{"line":353,"column":12533}},"39":{"start":{"line":354,"column":12},"end":{"line":354,"column":91}},"40":{"start":{"line":356,"column":8},"end":{"line":356,"column":98}}},"branchMap":{"1":{"line":77,"type":"if","locations":[{"start":{"line":77,"column":8},"end":{"line":77,"column":8}},{"start":{"line":77,"column":8},"end":{"line":77,"column":8}}]},"2":{"line":161,"type":"if","locations":[{"start":{"line":161,"column":8},"end":{"line":161,"column":8}},{"start":{"line":161,"column":8},"end":{"line":161,"column":8}}]},"3":{"line":168,"type":"if","locations":[{"start":{"line":168,"column":12},"end":{"line":168,"column":12}},{"start":{"line":168,"column":12},"end":{"line":168,"column":12}}]},"4":{"line":181,"type":"if","locations":[{"start":{"line":181,"column":8},"end":{"line":181,"column":8}},{"start":{"line":181,"column":8},"end":{"line":181,"column":8}}]},"5":{"line":192,"type":"if","locations":[{"start":{"line":192,"column":8},"end":{"line":192,"column":8}},{"start":{"line":192,"column":8},"end":{"line":192,"column":8}}]},"6":{"line":296,"type":"if","locations":[{"start":{"line":296,"column":8},"end":{"line":296,"column":8}},{"start":{"line":296,"column":8},"end":{"line":296,"column":8}}]}}},"contracts/token/PropsRewardsLib.sol":{"l":{"90":20,"94":19,"98":4,"99":11,"104":3,"108":5,"109":14,"114":4,"118":19,"119":5,"124":14,"129":18,"133":22,"137":20,"141":27,"145":27,"149":10,"154":10,"174":33,"175":33,"177":7,"178":6,"179":6,"181":1,"183":4,"184":4,"186":26,"212":18,"216":17,"217":7,"218":7,"220":17,"221":17,"222":17,"224":17,"225":7,"226":6,"230":4,"231":4,"233":10,"247":4,"248":4,"249":4,"250":4,"251":4,"269":41,"270":35,"272":6,"293":18,"294":16,"295":16,"297":2,"298":2,"299":2,"301":18,"323":10,"324":5,"326":5,"328":10,"347":5,"348":5,"349":5,"350":5,"351":4,"352":4,"353":4,"355":5,"374":5,"375":5,"376":5,"377":5,"378":4,"379":4,"380":4,"382":5,"402":4,"403":2,"405":4,"406":4,"407":4,"427":3,"428":1,"429":3,"430":3,"431":3,"449":8,"450":4,"451":2,"453":2,"456":4,"457":2,"459":2,"474":50,"475":16,"477":34,"496":6,"517":4,"536":7,"537":7,"538":7,"539":21,"540":21,"542":7,"546":6,"566":18,"582":6,"583":2,"585":4,"599":17,"600":5,"602":12,"616":49,"617":33,"619":16,"639":7,"640":7,"641":3,"642":3,"645":7,"646":19,"647":13,"649":6,"651":19,"653":7,"664":3,"665":3,"669":1,"670":1,"672":3,"673":10,"674":10,"676":0,"678":10,"680":3,"691":3,"692":10,"694":3,"695":3,"706":1,"707":3,"709":1,"710":1,"723":4,"724":4,"725":4,"726":7,"727":14,"731":7,"732":7,"733":7,"734":7,"736":4},"path":"/Users/jretina/Programming/PROPSProject/props-token-distribution/contracts/token/PropsRewardsLib.sol","s":{"1":20,"2":4,"3":11,"4":5,"5":14,"6":19,"7":5,"8":14,"9":22,"10":27,"11":10,"12":33,"13":7,"14":6,"15":6,"16":3,"17":1,"18":4,"19":4,"20":26,"21":18,"22":17,"23":7,"24":17,"25":17,"26":7,"27":6,"28":4,"29":4,"30":10,"31":4,"32":4,"33":4,"34":4,"35":4,"36":41,"37":35,"38":6,"39":18,"40":16,"41":16,"42":2,"43":2,"44":2,"45":18,"46":10,"47":5,"48":5,"49":10,"50":5,"51":5,"52":5,"53":5,"54":4,"55":4,"56":5,"57":5,"58":5,"59":5,"60":5,"61":4,"62":4,"63":5,"64":4,"65":2,"66":4,"67":4,"68":4,"69":3,"70":1,"71":3,"72":3,"73":3,"74":8,"75":4,"76":2,"77":2,"78":4,"79":2,"80":2,"81":50,"82":16,"83":34,"84":6,"85":4,"86":7,"87":7,"88":21,"89":21,"90":1,"91":7,"92":6,"93":18,"94":6,"95":2,"96":4,"97":17,"98":5,"99":12,"100":49,"101":33,"102":16,"103":7,"104":7,"105":3,"106":3,"107":7,"108":19,"109":6,"110":19,"111":7,"112":3,"113":3,"114":1,"115":1,"116":3,"117":10,"118":0,"119":10,"120":3,"121":3,"122":3,"123":1,"124":1,"125":4,"126":4,"127":4,"128":7,"129":7,"130":7,"131":7},"b":{"1":[19,1],"2":[10,1],"3":[13,1],"4":[5,14],"5":[5,0],"6":[13,1],"7":[20,2],"8":[27,0],"9":[10,0],"10":[7,26],"11":[6,1],"12":[3,3],"13":[17,1],"14":[7,10],"15":[7,10],"16":[4,2],"17":[35,6],"18":[16,2],"19":[5,5],"20":[4,1],"21":[4,1],"22":[2,2],"23":[1,2],"24":[4,4],"25":[2,2],"26":[2,2],"27":[16,34],"28":[1,20],"29":[6,1],"30":[2,4],"31":[5,12],"32":[33,16],"33":[3,4],"34":[13,6],"35":[1,2],"36":[10,0]},"f":{"1":20,"2":4,"3":5,"4":19,"5":22,"6":27,"7":10,"8":33,"9":18,"10":4,"11":41,"12":18,"13":10,"14":5,"15":5,"16":4,"17":3,"18":8,"19":50,"20":6,"21":4,"22":7,"23":18,"24":6,"25":17,"26":49,"27":7,"28":3,"29":3,"30":1,"31":4},"fnMap":{"1":{"name":"onlyOneRewardsHashPerValidator","line":89,"loc":{"start":{"line":89,"column":4},"end":{"line":89,"column":83}}},"2":{"name":"onlyExistingApplications","line":97,"loc":{"start":{"line":97,"column":4},"end":{"line":97,"column":76}}},"3":{"name":"onlyExistingValidators","line":107,"loc":{"start":{"line":107,"column":4},"end":{"line":107,"column":74}}},"4":{"name":"onlySelectedValidators","line":117,"loc":{"start":{"line":117,"column":4},"end":{"line":117,"column":74}}},"5":{"name":"onlyValidRewardsDay","line":132,"loc":{"start":{"line":132,"column":4},"end":{"line":132,"column":71}}},"6":{"name":"onlyValidFutureRewardsDay","line":140,"loc":{"start":{"line":140,"column":4},"end":{"line":140,"column":77}}},"7":{"name":"onlyValidAddresses","line":148,"loc":{"start":{"line":148,"column":4},"end":{"line":148,"column":81}}},"8":{"name":"calculateValidatorRewards","line":164,"loc":{"start":{"line":164,"column":4},"end":{"line":173,"column":5}}},"9":{"name":"calculateApplicationRewards","line":198,"loc":{"start":{"line":198,"column":4},"end":{"line":211,"column":5}}},"10":{"name":"_finalizeDailyApplicationRewards","line":243,"loc":{"start":{"line":243,"column":4},"end":{"line":246,"column":5}}},"11":{"name":"getParameterValue","line":260,"loc":{"start":{"line":260,"column":4},"end":{"line":268,"column":5}}},"12":{"name":"updateParameter","line":283,"loc":{"start":{"line":283,"column":4},"end":{"line":292,"column":5}}},"13":{"name":"updateEntity","line":312,"loc":{"start":{"line":312,"column":4},"end":{"line":322,"column":5}}},"14":{"name":"updateApplication","line":338,"loc":{"start":{"line":338,"column":4},"end":{"line":346,"column":5}}},"15":{"name":"updateValidator","line":365,"loc":{"start":{"line":365,"column":4},"end":{"line":373,"column":5}}},"16":{"name":"setValidators","line":391,"loc":{"start":{"line":391,"column":4},"end":{"line":400,"column":5}}},"17":{"name":"setApplications","line":416,"loc":{"start":{"line":416,"column":4},"end":{"line":425,"column":5}}},"18":{"name":"getEntities","line":440,"loc":{"start":{"line":440,"column":4},"end":{"line":448,"column":5}}},"19":{"name":"_getSelectedRewardedEntityListType","line":469,"loc":{"start":{"line":469,"column":4},"end":{"line":473,"column":5}}},"20":{"name":"_getMaxAppRewardsDailyAmount","line":487,"loc":{"start":{"line":487,"column":4},"end":{"line":495,"column":5}}},"21":{"name":"_getValidatorRewardsDailyAmountPerValidator","line":508,"loc":{"start":{"line":508,"column":4},"end":{"line":516,"column":5}}},"22":{"name":"_validateSubmittedData","line":527,"loc":{"start":{"line":527,"column":4},"end":{"line":535,"column":5}}},"23":{"name":"_rewardsHashIsValid","line":556,"loc":{"start":{"line":556,"column":4},"end":{"line":565,"column":5}}},"24":{"name":"_requiredValidatorsForValidatorsRewards","line":577,"loc":{"start":{"line":577,"column":4},"end":{"line":581,"column":5}}},"25":{"name":"_requiredValidatorsForAppRewards","line":594,"loc":{"start":{"line":594,"column":4},"end":{"line":598,"column":5}}},"26":{"name":"_currentRewardsDay","line":610,"loc":{"start":{"line":610,"column":4},"end":{"line":614,"column":5}}},"27":{"name":"_updateCurrentEntityList","line":632,"loc":{"start":{"line":632,"column":4},"end":{"line":638,"column":5}}},"28":{"name":"_updatePreviousEntityList","line":660,"loc":{"start":{"line":660,"column":4},"end":{"line":663,"column":5}}},"29":{"name":"_deleteCurrentEntityList","line":687,"loc":{"start":{"line":687,"column":4},"end":{"line":690,"column":5}}},"30":{"name":"_deletePreviousEntityList","line":702,"loc":{"start":{"line":702,"column":4},"end":{"line":705,"column":5}}},"31":{"name":"_resetDailyRewards","line":717,"loc":{"start":{"line":717,"column":4},"end":{"line":722,"column":5}}}},"statementMap":{"1":{"start":{"line":90,"column":8},"end":{"line":90,"column":3309}},"2":{"start":{"line":98,"column":8},"end":{"line":98,"column":3570}},"3":{"start":{"line":99,"column":12},"end":{"line":99,"column":3635}},"4":{"start":{"line":108,"column":8},"end":{"line":108,"column":3880}},"5":{"start":{"line":109,"column":12},"end":{"line":109,"column":3945}},"6":{"start":{"line":118,"column":8},"end":{"line":118,"column":4186}},"7":{"start":{"line":119,"column":12},"end":{"line":119,"column":4288}},"8":{"start":{"line":124,"column":12},"end":{"line":124,"column":4459}},"9":{"start":{"line":133,"column":8},"end":{"line":133,"column":4711}},"10":{"start":{"line":141,"column":8},"end":{"line":141,"column":4974}},"11":{"start":{"line":149,"column":8},"end":{"line":149,"column":5201}},"12":{"start":{"line":175,"column":8},"end":{"line":175,"column":6026}},"13":{"start":{"line":177,"column":12},"end":{"line":177,"column":6117}},"14":{"start":{"line":178,"column":16},"end":{"line":178,"column":92}},"15":{"start":{"line":179,"column":16},"end":{"line":179,"column":106}},"16":{"start":{"line":179,"column":98},"end":{"line":179,"column":106}},"17":{"start":{"line":181,"column":16},"end":{"line":181,"column":91}},"18":{"start":{"line":183,"column":12},"end":{"line":183,"column":121}},"19":{"start":{"line":184,"column":12},"end":{"line":184,"column":38}},"20":{"start":{"line":186,"column":8},"end":{"line":186,"column":16}},"21":{"start":{"line":212,"column":8},"end":{"line":212,"column":7592}},"22":{"start":{"line":216,"column":8},"end":{"line":216,"column":7751}},"23":{"start":{"line":217,"column":12},"end":{"line":217,"column":81}},"24":{"start":{"line":220,"column":8},"end":{"line":220,"column":81}},"25":{"start":{"line":224,"column":8},"end":{"line":224,"column":8240}},"26":{"start":{"line":225,"column":12},"end":{"line":225,"column":79}},"27":{"start":{"line":226,"column":12},"end":{"line":226,"column":8460}},"28":{"start":{"line":230,"column":12},"end":{"line":230,"column":98}},"29":{"start":{"line":231,"column":12},"end":{"line":231,"column":22}},"30":{"start":{"line":233,"column":8},"end":{"line":233,"column":16}},"31":{"start":{"line":247,"column":8},"end":{"line":247,"column":59}},"32":{"start":{"line":248,"column":8},"end":{"line":248,"column":65}},"33":{"start":{"line":249,"column":8},"end":{"line":249,"column":54}},"34":{"start":{"line":250,"column":8},"end":{"line":250,"column":65}},"35":{"start":{"line":251,"column":8},"end":{"line":251,"column":19}},"36":{"start":{"line":269,"column":8},"end":{"line":269,"column":9973}},"37":{"start":{"line":270,"column":12},"end":{"line":270,"column":64}},"38":{"start":{"line":272,"column":12},"end":{"line":272,"column":65}},"39":{"start":{"line":293,"column":8},"end":{"line":293,"column":10743}},"40":{"start":{"line":294,"column":11},"end":{"line":294,"column":64}},"41":{"start":{"line":295,"column":11},"end":{"line":295,"column":67}},"42":{"start":{"line":297,"column":12},"end":{"line":297,"column":105}},"43":{"start":{"line":298,"column":12},"end":{"line":298,"column":65}},"44":{"start":{"line":299,"column":11},"end":{"line":299,"column":67}},"45":{"start":{"line":301,"column":8},"end":{"line":301,"column":19}},"46":{"start":{"line":323,"column":8},"end":{"line":323,"column":11960}},"47":{"start":{"line":324,"column":12},"end":{"line":324,"column":78}},"48":{"start":{"line":326,"column":12},"end":{"line":326,"column":76}},"49":{"start":{"line":328,"column":8},"end":{"line":328,"column":19}},"50":{"start":{"line":347,"column":8},"end":{"line":347,"column":50}},"51":{"start":{"line":348,"column":8},"end":{"line":348,"column":70}},"52":{"start":{"line":349,"column":8},"end":{"line":349,"column":74}},"53":{"start":{"line":350,"column":8},"end":{"line":350,"column":12965}},"54":{"start":{"line":352,"column":12},"end":{"line":352,"column":67}},"55":{"start":{"line":353,"column":12},"end":{"line":353,"column":85}},"56":{"start":{"line":355,"column":8},"end":{"line":355,"column":54}},"57":{"start":{"line":374,"column":8},"end":{"line":374,"column":48}},"58":{"start":{"line":375,"column":8},"end":{"line":375,"column":68}},"59":{"start":{"line":376,"column":8},"end":{"line":376,"column":72}},"60":{"start":{"line":377,"column":8},"end":{"line":377,"column":14045}},"61":{"start":{"line":379,"column":12},"end":{"line":379,"column":65}},"62":{"start":{"line":380,"column":12},"end":{"line":380,"column":81}},"63":{"start":{"line":382,"column":8},"end":{"line":382,"column":52}},"64":{"start":{"line":402,"column":8},"end":{"line":402,"column":15040}},"65":{"start":{"line":403,"column":12},"end":{"line":403,"column":62}},"66":{"start":{"line":405,"column":8},"end":{"line":405,"column":70}},"67":{"start":{"line":406,"column":8},"end":{"line":406,"column":56}},"68":{"start":{"line":407,"column":8},"end":{"line":407,"column":19}},"69":{"start":{"line":427,"column":8},"end":{"line":427,"column":15904}},"70":{"start":{"line":428,"column":16},"end":{"line":428,"column":68}},"71":{"start":{"line":429,"column":8},"end":{"line":429,"column":74}},"72":{"start":{"line":430,"column":8},"end":{"line":430,"column":58}},"73":{"start":{"line":431,"column":8},"end":{"line":431,"column":19}},"74":{"start":{"line":449,"column":8},"end":{"line":449,"column":16657}},"75":{"start":{"line":450,"column":12},"end":{"line":450,"column":16726}},"76":{"start":{"line":451,"column":16},"end":{"line":451,"column":61}},"77":{"start":{"line":453,"column":16},"end":{"line":453,"column":62}},"78":{"start":{"line":456,"column":12},"end":{"line":456,"column":17005}},"79":{"start":{"line":457,"column":16},"end":{"line":457,"column":59}},"80":{"start":{"line":459,"column":16},"end":{"line":459,"column":60}},"81":{"start":{"line":474,"column":8},"end":{"line":474,"column":17674}},"82":{"start":{"line":475,"column":12},"end":{"line":475,"column":20}},"83":{"start":{"line":477,"column":12},"end":{"line":477,"column":20}},"84":{"start":{"line":496,"column":8},"end":{"line":496,"column":18351}},"85":{"start":{"line":517,"column":8},"end":{"line":517,"column":19086}},"86":{"start":{"line":537,"column":8},"end":{"line":537,"column":24}},"87":{"start":{"line":538,"column":8},"end":{"line":538,"column":19699}},"88":{"start":{"line":539,"column":12},"end":{"line":539,"column":37}},"89":{"start":{"line":540,"column":12},"end":{"line":540,"column":87}},"90":{"start":{"line":540,"column":74},"end":{"line":540,"column":86}},"91":{"start":{"line":542,"column":8},"end":{"line":542,"column":19894}},"92":{"start":{"line":546,"column":8},"end":{"line":546,"column":18}},"93":{"start":{"line":566,"column":8},"end":{"line":566,"column":20724}},"94":{"start":{"line":582,"column":8},"end":{"line":582,"column":21177}},"95":{"start":{"line":583,"column":12},"end":{"line":583,"column":62}},"96":{"start":{"line":585,"column":12},"end":{"line":585,"column":63}},"97":{"start":{"line":599,"column":8},"end":{"line":599,"column":21753}},"98":{"start":{"line":600,"column":12},"end":{"line":600,"column":165}},"99":{"start":{"line":602,"column":12},"end":{"line":602,"column":166}},"100":{"start":{"line":616,"column":7},"end":{"line":616,"column":22562}},"101":{"start":{"line":617,"column":12},"end":{"line":617,"column":109}},"102":{"start":{"line":619,"column":12},"end":{"line":619,"column":20}},"103":{"start":{"line":639,"column":8},"end":{"line":639,"column":74}},"104":{"start":{"line":640,"column":8},"end":{"line":640,"column":23396}},"105":{"start":{"line":641,"column":12},"end":{"line":641,"column":56}},"106":{"start":{"line":642,"column":12},"end":{"line":642,"column":34}},"107":{"start":{"line":645,"column":8},"end":{"line":645,"column":23598}},"108":{"start":{"line":646,"column":12},"end":{"line":646,"column":23663}},"109":{"start":{"line":649,"column":16},"end":{"line":649,"column":64}},"110":{"start":{"line":651,"column":12},"end":{"line":651,"column":59}},"111":{"start":{"line":653,"column":8},"end":{"line":653,"column":19}},"112":{"start":{"line":664,"column":8},"end":{"line":664,"column":76}},"113":{"start":{"line":665,"column":8},"end":{"line":665,"column":24297}},"114":{"start":{"line":669,"column":12},"end":{"line":669,"column":57}},"115":{"start":{"line":670,"column":12},"end":{"line":670,"column":35}},"116":{"start":{"line":672,"column":8},"end":{"line":672,"column":24558}},"117":{"start":{"line":673,"column":12},"end":{"line":673,"column":24645}},"118":{"start":{"line":676,"column":16},"end":{"line":676,"column":87}},"119":{"start":{"line":678,"column":12},"end":{"line":678,"column":82}},"120":{"start":{"line":680,"column":8},"end":{"line":680,"column":19}},"121":{"start":{"line":691,"column":8},"end":{"line":691,"column":25287}},"122":{"start":{"line":695,"column":8},"end":{"line":695,"column":19}},"123":{"start":{"line":706,"column":8},"end":{"line":706,"column":25828}},"124":{"start":{"line":710,"column":8},"end":{"line":710,"column":19}},"125":{"start":{"line":723,"column":9},"end":{"line":723,"column":64}},"126":{"start":{"line":724,"column":8},"end":{"line":724,"column":81}},"127":{"start":{"line":725,"column":8},"end":{"line":725,"column":26448}},"128":{"start":{"line":726,"column":12},"end":{"line":726,"column":26517}},"129":{"start":{"line":732,"column":12},"end":{"line":732,"column":77}},"130":{"start":{"line":733,"column":12},"end":{"line":733,"column":73}},"131":{"start":{"line":734,"column":12},"end":{"line":734,"column":86}}},"branchMap":{"1":{"line":90,"type":"if","locations":[{"start":{"line":90,"column":8},"end":{"line":90,"column":8}},{"start":{"line":90,"column":8},"end":{"line":90,"column":8}}]},"2":{"line":99,"type":"if","locations":[{"start":{"line":99,"column":12},"end":{"line":99,"column":12}},{"start":{"line":99,"column":12},"end":{"line":99,"column":12}}]},"3":{"line":109,"type":"if","locations":[{"start":{"line":109,"column":12},"end":{"line":109,"column":12}},{"start":{"line":109,"column":12},"end":{"line":109,"column":12}}]},"4":{"line":118,"type":"if","locations":[{"start":{"line":118,"column":8},"end":{"line":118,"column":8}},{"start":{"line":118,"column":8},"end":{"line":118,"column":8}}]},"5":{"line":119,"type":"if","locations":[{"start":{"line":119,"column":12},"end":{"line":119,"column":12}},{"start":{"line":119,"column":12},"end":{"line":119,"column":12}}]},"6":{"line":124,"type":"if","locations":[{"start":{"line":124,"column":12},"end":{"line":124,"column":12}},{"start":{"line":124,"column":12},"end":{"line":124,"column":12}}]},"7":{"line":133,"type":"if","locations":[{"start":{"line":133,"column":8},"end":{"line":133,"column":8}},{"start":{"line":133,"column":8},"end":{"line":133,"column":8}}]},"8":{"line":141,"type":"if","locations":[{"start":{"line":141,"column":8},"end":{"line":141,"column":8}},{"start":{"line":141,"column":8},"end":{"line":141,"column":8}}]},"9":{"line":149,"type":"if","locations":[{"start":{"line":149,"column":8},"end":{"line":149,"column":8}},{"start":{"line":149,"column":8},"end":{"line":149,"column":8}}]},"10":{"line":175,"type":"if","locations":[{"start":{"line":175,"column":8},"end":{"line":175,"column":8}},{"start":{"line":175,"column":8},"end":{"line":175,"column":8}}]},"11":{"line":177,"type":"if","locations":[{"start":{"line":177,"column":12},"end":{"line":177,"column":12}},{"start":{"line":177,"column":12},"end":{"line":177,"column":12}}]},"12":{"line":179,"type":"if","locations":[{"start":{"line":179,"column":16},"end":{"line":179,"column":16}},{"start":{"line":179,"column":16},"end":{"line":179,"column":16}}]},"13":{"line":212,"type":"if","locations":[{"start":{"line":212,"column":8},"end":{"line":212,"column":8}},{"start":{"line":212,"column":8},"end":{"line":212,"column":8}}]},"14":{"line":216,"type":"if","locations":[{"start":{"line":216,"column":8},"end":{"line":216,"column":8}},{"start":{"line":216,"column":8},"end":{"line":216,"column":8}}]},"15":{"line":224,"type":"if","locations":[{"start":{"line":224,"column":8},"end":{"line":224,"column":8}},{"start":{"line":224,"column":8},"end":{"line":224,"column":8}}]},"16":{"line":226,"type":"if","locations":[{"start":{"line":226,"column":12},"end":{"line":226,"column":12}},{"start":{"line":226,"column":12},"end":{"line":226,"column":12}}]},"17":{"line":269,"type":"if","locations":[{"start":{"line":269,"column":8},"end":{"line":269,"column":8}},{"start":{"line":269,"column":8},"end":{"line":269,"column":8}}]},"18":{"line":293,"type":"if","locations":[{"start":{"line":293,"column":8},"end":{"line":293,"column":8}},{"start":{"line":293,"column":8},"end":{"line":293,"column":8}}]},"19":{"line":323,"type":"if","locations":[{"start":{"line":323,"column":8},"end":{"line":323,"column":8}},{"start":{"line":323,"column":8},"end":{"line":323,"column":8}}]},"20":{"line":350,"type":"if","locations":[{"start":{"line":350,"column":8},"end":{"line":350,"column":8}},{"start":{"line":350,"column":8},"end":{"line":350,"column":8}}]},"21":{"line":377,"type":"if","locations":[{"start":{"line":377,"column":8},"end":{"line":377,"column":8}},{"start":{"line":377,"column":8},"end":{"line":377,"column":8}}]},"22":{"line":402,"type":"if","locations":[{"start":{"line":402,"column":8},"end":{"line":402,"column":8}},{"start":{"line":402,"column":8},"end":{"line":402,"column":8}}]},"23":{"line":427,"type":"if","locations":[{"start":{"line":427,"column":8},"end":{"line":427,"column":8}},{"start":{"line":427,"column":8},"end":{"line":427,"column":8}}]},"24":{"line":449,"type":"if","locations":[{"start":{"line":449,"column":8},"end":{"line":449,"column":8}},{"start":{"line":449,"column":8},"end":{"line":449,"column":8}}]},"25":{"line":450,"type":"if","locations":[{"start":{"line":450,"column":12},"end":{"line":450,"column":12}},{"start":{"line":450,"column":12},"end":{"line":450,"column":12}}]},"26":{"line":456,"type":"if","locations":[{"start":{"line":456,"column":12},"end":{"line":456,"column":12}},{"start":{"line":456,"column":12},"end":{"line":456,"column":12}}]},"27":{"line":474,"type":"if","locations":[{"start":{"line":474,"column":8},"end":{"line":474,"column":8}},{"start":{"line":474,"column":8},"end":{"line":474,"column":8}}]},"28":{"line":540,"type":"if","locations":[{"start":{"line":540,"column":12},"end":{"line":540,"column":12}},{"start":{"line":540,"column":12},"end":{"line":540,"column":12}}]},"29":{"line":542,"type":"if","locations":[{"start":{"line":542,"column":8},"end":{"line":542,"column":8}},{"start":{"line":542,"column":8},"end":{"line":542,"column":8}}]},"30":{"line":582,"type":"if","locations":[{"start":{"line":582,"column":8},"end":{"line":582,"column":8}},{"start":{"line":582,"column":8},"end":{"line":582,"column":8}}]},"31":{"line":599,"type":"if","locations":[{"start":{"line":599,"column":8},"end":{"line":599,"column":8}},{"start":{"line":599,"column":8},"end":{"line":599,"column":8}}]},"32":{"line":616,"type":"if","locations":[{"start":{"line":616,"column":7},"end":{"line":616,"column":7}},{"start":{"line":616,"column":7},"end":{"line":616,"column":7}}]},"33":{"line":640,"type":"if","locations":[{"start":{"line":640,"column":8},"end":{"line":640,"column":8}},{"start":{"line":640,"column":8},"end":{"line":640,"column":8}}]},"34":{"line":646,"type":"if","locations":[{"start":{"line":646,"column":12},"end":{"line":646,"column":12}},{"start":{"line":646,"column":12},"end":{"line":646,"column":12}}]},"35":{"line":665,"type":"if","locations":[{"start":{"line":665,"column":8},"end":{"line":665,"column":8}},{"start":{"line":665,"column":8},"end":{"line":665,"column":8}}]},"36":{"line":673,"type":"if","locations":[{"start":{"line":673,"column":12},"end":{"line":673,"column":12}},{"start":{"line":673,"column":12},"end":{"line":673,"column":12}}]}}},"contracts/token/PropsTimeBasedTransfers.sol":{"l":{},"path":"/Users/jretina/Programming/PROPSProject/props-token-distribution/contracts/token/PropsTimeBasedTransfers.sol","s":{},"b":{},"f":{},"fnMap":{},"statementMap":{},"branchMap":{}},"contracts/token/PropsToken.sol":{"l":{"46":4,"48":4,"50":4,"51":4,"52":4},"path":"/Users/jretina/Programming/PROPSProject/props-token-distribution/contracts/token/PropsToken.sol","s":{"1":4,"2":4,"3":4},"b":{},"f":{"1":4},"fnMap":{"1":{"name":"initialize","line":37,"loc":{"start":{"line":37,"column":2},"end":{"line":45,"column":3}}}},"statementMap":{"1":{"start":{"line":46,"column":4},"end":{"line":46,"column":22}},"2":{"start":{"line":48,"column":4},"end":{"line":48,"column":62}},"3":{"start":{"line":52,"column":4},"end":{"line":52,"column":30}}},"branchMap":{}}}