{"contracts/token/ERC865Token.sol":{"l":{},"path":"/Users/jretina/Programming/PROPSProject/props-token-distribution/contracts/token/ERC865Token.sol","s":{},"b":{},"f":{},"fnMap":{},"statementMap":{},"branchMap":{}},"contracts/token/IERC865.sol":{"l":{},"path":"/Users/jretina/Programming/PROPSProject/props-token-distribution/contracts/token/IERC865.sol","s":{},"b":{},"f":{},"fnMap":{},"statementMap":{},"branchMap":{}},"contracts/token/PropsRewards.sol":{"l":{"40":9,"44":5,"52":2,"53":2,"64":2,"65":2,"66":2,"70":2,"71":2,"103":1,"104":1,"121":1,"122":1,"126":1,"138":2,"139":2,"140":2,"141":1,"154":1,"155":1,"156":1,"163":1,"167":1,"176":3,"177":1,"181":1,"190":2,"194":2,"196":2},"path":"/Users/jretina/Programming/PROPSProject/props-token-distribution/contracts/token/PropsRewards.sol","s":{"1":9,"2":2,"3":2,"4":2,"5":2,"6":2,"7":1,"8":1,"9":1,"10":1,"11":1,"12":2,"13":2,"14":2,"15":1,"16":1,"17":1,"18":1,"19":1,"20":3,"21":1,"22":1,"23":2,"24":2,"25":2},"b":{"1":[5,4],"2":[1,0],"3":[1,0],"4":[2,0],"5":[1,1],"6":[1,0],"7":[1,2],"8":[1,0],"9":[2,0]},"f":{"1":9,"2":2,"3":2,"4":1,"5":2,"6":1,"7":1,"8":1,"9":3,"10":2},"fnMap":{"1":{"name":"onlyController","line":39,"loc":{"start":{"line":39,"column":4},"end":{"line":39,"column":27}}},"2":{"name":"initialize","line":51,"loc":{"start":{"line":51,"column":4},"end":{"line":51,"column":49}}},"3":{"name":"initializePermitUpgrade","line":60,"loc":{"start":{"line":60,"column":4},"end":{"line":63,"column":5}}},"4":{"name":"permit","line":94,"loc":{"start":{"line":94,"column":4},"end":{"line":102,"column":16}}},"5":{"name":"reclaimToken","line":133,"loc":{"start":{"line":133,"column":4},"end":{"line":137,"column":31}}},"6":{"name":"updateController","line":148,"loc":{"start":{"line":148,"column":4},"end":{"line":153,"column":5}}},"7":{"name":"addMinter","line":162,"loc":{"start":{"line":162,"column":4},"end":{"line":162,"column":59}}},"8":{"name":"removeMinter","line":166,"loc":{"start":{"line":166,"column":4},"end":{"line":166,"column":62}}},"9":{"name":"mint","line":175,"loc":{"start":{"line":175,"column":4},"end":{"line":175,"column":57}}},"10":{"name":"_initialize","line":189,"loc":{"start":{"line":189,"column":4},"end":{"line":189,"column":71}}}},"statementMap":{"1":{"start":{"line":40,"column":8},"end":{"line":40,"column":1301}},"2":{"start":{"line":52,"column":8},"end":{"line":52,"column":28}},"3":{"start":{"line":53,"column":8},"end":{"line":53,"column":41}},"4":{"start":{"line":65,"column":8},"end":{"line":65,"column":30}},"5":{"start":{"line":70,"column":8},"end":{"line":70,"column":28}},"6":{"start":{"line":71,"column":8},"end":{"line":71,"column":2180}},"7":{"start":{"line":103,"column":8},"end":{"line":103,"column":62}},"8":{"start":{"line":104,"column":8},"end":{"line":104,"column":3159}},"9":{"start":{"line":121,"column":8},"end":{"line":121,"column":63}},"10":{"start":{"line":122,"column":8},"end":{"line":122,"column":3761}},"11":{"start":{"line":126,"column":8},"end":{"line":126,"column":42}},"12":{"start":{"line":138,"column":8},"end":{"line":138,"column":63}},"13":{"start":{"line":139,"column":8},"end":{"line":139,"column":47}},"14":{"start":{"line":140,"column":8},"end":{"line":140,"column":71}},"15":{"start":{"line":154,"column":8},"end":{"line":154,"column":82}},"16":{"start":{"line":155,"column":8},"end":{"line":155,"column":31}},"17":{"start":{"line":156,"column":8},"end":{"line":156,"column":4818}},"18":{"start":{"line":163,"column":8},"end":{"line":163,"column":30}},"19":{"start":{"line":167,"column":8},"end":{"line":167,"column":31}},"20":{"start":{"line":176,"column":8},"end":{"line":176,"column":75}},"21":{"start":{"line":177,"column":8},"end":{"line":177,"column":5432}},"22":{"start":{"line":181,"column":8},"end":{"line":181,"column":31}},"23":{"start":{"line":190,"column":8},"end":{"line":190,"column":5892}},"24":{"start":{"line":194,"column":8},"end":{"line":194,"column":31}},"25":{"start":{"line":196,"column":8},"end":{"line":196,"column":49}}},"branchMap":{"1":{"line":40,"type":"if","locations":[{"start":{"line":40,"column":8},"end":{"line":40,"column":8}},{"start":{"line":40,"column":8},"end":{"line":40,"column":8}}]},"2":{"line":103,"type":"if","locations":[{"start":{"line":103,"column":8},"end":{"line":103,"column":8}},{"start":{"line":103,"column":8},"end":{"line":103,"column":8}}]},"3":{"line":122,"type":"if","locations":[{"start":{"line":122,"column":8},"end":{"line":122,"column":8}},{"start":{"line":122,"column":8},"end":{"line":122,"column":8}}]},"4":{"line":138,"type":"if","locations":[{"start":{"line":138,"column":8},"end":{"line":138,"column":8}},{"start":{"line":138,"column":8},"end":{"line":138,"column":8}}]},"5":{"line":140,"type":"if","locations":[{"start":{"line":140,"column":8},"end":{"line":140,"column":8}},{"start":{"line":140,"column":8},"end":{"line":140,"column":8}}]},"6":{"line":154,"type":"if","locations":[{"start":{"line":154,"column":8},"end":{"line":154,"column":8}},{"start":{"line":154,"column":8},"end":{"line":154,"column":8}}]},"7":{"line":176,"type":"if","locations":[{"start":{"line":176,"column":8},"end":{"line":176,"column":8}},{"start":{"line":176,"column":8},"end":{"line":176,"column":8}}]},"8":{"line":177,"type":"if","locations":[{"start":{"line":177,"column":8},"end":{"line":177,"column":8}},{"start":{"line":177,"column":8},"end":{"line":177,"column":8}}]},"9":{"line":190,"type":"if","locations":[{"start":{"line":190,"column":8},"end":{"line":190,"column":8}},{"start":{"line":190,"column":8},"end":{"line":190,"column":8}}]}}},"contracts/token/PropsRewardsLib.sol":{"l":{},"path":"/Users/jretina/Programming/PROPSProject/props-token-distribution/contracts/token/PropsRewardsLib.sol","s":{},"b":{},"f":{},"fnMap":{},"statementMap":{},"branchMap":{}},"contracts/token/PropsTimeBasedTransfers.sol":{"l":{},"path":"/Users/jretina/Programming/PROPSProject/props-token-distribution/contracts/token/PropsTimeBasedTransfers.sol","s":{},"b":{},"f":{},"fnMap":{},"statementMap":{},"branchMap":{}},"contracts/token/PropsToken.sol":{"l":{"39":2,"41":2,"43":2,"44":2,"45":2,"46":2},"path":"/Users/jretina/Programming/PROPSProject/props-token-distribution/contracts/token/PropsToken.sol","s":{"1":2,"2":2,"3":2},"b":{},"f":{"1":2},"fnMap":{"1":{"name":"initialize","line":35,"loc":{"start":{"line":35,"column":2},"end":{"line":38,"column":3}}}},"statementMap":{"1":{"start":{"line":39,"column":4},"end":{"line":39,"column":22}},"2":{"start":{"line":41,"column":4},"end":{"line":41,"column":62}},"3":{"start":{"line":46,"column":4},"end":{"line":46,"column":30}}},"branchMap":{}}}