TN:
SF:/Users/jretina/Programming/PROPSProject/props-token-distribution/contracts/token/ERC865Token.sol
FN:28,transferPreSigned
FN:68,approvePreSigned
FN:108,increaseAllowancePreSigned
FN:148,decreaseAllowancePreSigned
FN:190,transferFromPreSigned
FN:234,getTransferPreSignedHash
FN:258,getApprovePreSignedHash
FN:282,getIncreaseAllowancePreSignedHash
FN:306,getDecreaseAllowancePreSignedHash
FN:331,getTransferFromPreSignedHash
FNF:10
FNH:10
FNDA:2,transferPreSigned
FNDA:1,approvePreSigned
FNDA:1,increaseAllowancePreSigned
FNDA:2,decreaseAllowancePreSigned
FNDA:1,transferFromPreSigned
FNDA:2,getTransferPreSignedHash
FNDA:1,getApprovePreSignedHash
FNDA:1,getIncreaseAllowancePreSignedHash
FNDA:2,getDecreaseAllowancePreSignedHash
FNDA:1,getTransferFromPreSignedHash
DA:38,2
DA:42,2
DA:43,2
DA:44,2
DA:47,2
DA:48,2
DA:51,1
DA:52,1
DA:53,1
DA:55,1
DA:56,1
DA:78,1
DA:82,1
DA:83,1
DA:84,1
DA:87,1
DA:88,1
DA:91,1
DA:92,1
DA:93,1
DA:95,1
DA:96,1
DA:118,1
DA:122,1
DA:123,1
DA:124,1
DA:127,1
DA:128,1
DA:131,1
DA:132,1
DA:133,1
DA:135,1
DA:136,1
DA:158,2
DA:162,2
DA:163,2
DA:164,2
DA:167,2
DA:168,2
DA:172,2
DA:173,2
DA:174,1
DA:176,1
DA:177,1
DA:201,1
DA:205,1
DA:207,1
DA:208,1
DA:211,1
DA:212,1
DA:215,1
DA:216,1
DA:217,1
DA:218,1
DA:220,1
DA:221,1
DA:246,2
DA:270,1
DA:294,1
DA:318,2
DA:344,1
LF:61
LH:61
BRDA:38,1,0,2
BRDA:38,1,1,0
BRDA:44,2,0,2
BRDA:44,2,1,0
BRDA:48,3,0,1
BRDA:48,3,1,1
BRDA:78,4,0,1
BRDA:78,4,1,0
BRDA:84,5,0,1
BRDA:84,5,1,0
BRDA:88,6,0,1
BRDA:88,6,1,0
BRDA:118,7,0,1
BRDA:118,7,1,0
BRDA:124,8,0,1
BRDA:124,8,1,0
BRDA:128,9,0,1
BRDA:128,9,1,0
BRDA:158,10,0,2
BRDA:158,10,1,0
BRDA:164,11,0,2
BRDA:164,11,1,0
BRDA:168,12,0,2
BRDA:168,12,1,0
BRDA:201,13,0,1
BRDA:201,13,1,0
BRDA:208,14,0,1
BRDA:208,14,1,0
BRDA:212,15,0,1
BRDA:212,15,1,0
BRF:30
BRH:16
end_of_record
TN:
SF:/Users/jretina/Programming/PROPSProject/props-token-distribution/contracts/token/IERC865.sol
FNF:0
FNH:0
LF:0
LH:0
BRF:0
BRH:0
end_of_record
TN:
SF:/Users/jretina/Programming/PROPSProject/props-token-distribution/contracts/token/PropsTimeBasedTransfers.sol
FN:15,canTransfer
FN:29,initialize
FN:44,transfer
FN:62,transferFrom
FNF:4
FNH:4
FNDA:6,canTransfer
FNDA:2,initialize
FNDA:4,transfer
FNDA:1,transferFrom
DA:17,6
DA:20,5
DA:36,2
DA:37,2
DA:51,4
DA:70,1
LF:6
LH:6
BRDA:17,1,0,5
BRDA:17,1,1,1
BRF:2
BRH:2
end_of_record
TN:
SF:/Users/jretina/Programming/PROPSProject/props-token-distribution/contracts/token/PropsToken.sol
FN:34,initialize
FNF:1
FNH:1
FNDA:2,initialize
DA:41,2
DA:43,2
DA:45,2
DA:46,2
DA:47,2
LF:5
LH:5
BRF:0
BRH:0
end_of_record
