TN:
SF:/Users/jretina/Programming/PROPSProject/props-token-distribution/contracts/token/ERC865Token.sol
FNF:0
FNH:0
LF:0
LH:0
BRF:0
BRH:0
end_of_record
TN:
SF:/Users/jretina/Programming/PROPSProject/props-token-distribution/contracts/token/IERC865.sol
FNF:0
FNH:0
LF:0
LH:0
BRF:0
BRH:0
end_of_record
TN:
SF:/Users/jretina/Programming/PROPSProject/props-token-distribution/contracts/token/PropsRewards.sol
FN:39,onlyController
FN:51,initialize
FN:60,initializePermitUpgrade
FN:94,permit
FN:133,reclaimToken
FN:148,updateController
FN:162,addMinter
FN:166,removeMinter
FN:175,mint
FN:189,_initialize
FNF:10
FNH:10
FNDA:9,onlyController
FNDA:2,initialize
FNDA:2,initializePermitUpgrade
FNDA:1,permit
FNDA:2,reclaimToken
FNDA:1,updateController
FNDA:1,addMinter
FNDA:1,removeMinter
FNDA:3,mint
FNDA:2,_initialize
DA:40,9
DA:44,5
DA:52,2
DA:53,2
DA:64,2
DA:65,2
DA:66,2
DA:70,2
DA:71,2
DA:103,1
DA:104,1
DA:121,1
DA:122,1
DA:126,1
DA:138,2
DA:139,2
DA:140,2
DA:141,1
DA:154,1
DA:155,1
DA:156,1
DA:163,1
DA:167,1
DA:176,3
DA:177,1
DA:181,1
DA:190,2
DA:194,2
DA:196,2
LF:29
LH:29
BRDA:40,1,0,5
BRDA:40,1,1,4
BRDA:103,2,0,1
BRDA:103,2,1,0
BRDA:122,3,0,1
BRDA:122,3,1,0
BRDA:138,4,0,2
BRDA:138,4,1,0
BRDA:140,5,0,1
BRDA:140,5,1,1
BRDA:154,6,0,1
BRDA:154,6,1,0
BRDA:176,7,0,1
BRDA:176,7,1,2
BRDA:177,8,0,1
BRDA:177,8,1,0
BRDA:190,9,0,2
BRDA:190,9,1,0
BRF:18
BRH:12
end_of_record
TN:
SF:/Users/jretina/Programming/PROPSProject/props-token-distribution/contracts/token/PropsRewardsLib.sol
FNF:0
FNH:0
LF:0
LH:0
BRF:0
BRH:0
end_of_record
TN:
SF:/Users/jretina/Programming/PROPSProject/props-token-distribution/contracts/token/PropsTimeBasedTransfers.sol
FNF:0
FNH:0
LF:0
LH:0
BRF:0
BRH:0
end_of_record
TN:
SF:/Users/jretina/Programming/PROPSProject/props-token-distribution/contracts/token/PropsToken.sol
FN:35,initialize
FNF:1
FNH:1
FNDA:2,initialize
DA:39,2
DA:41,2
DA:43,2
DA:44,2
DA:45,2
DA:46,2
LF:6
LH:6
BRF:0
BRH:0
end_of_record
